<?xml version="1.0" encoding="UTF-8"?>
<testsuite xmlns:xsi="http://www.w3.org/2001/XMLSchema-instance" xsi:noNamespaceSchemaLocation="https://maven.apache.org/surefire/maven-surefire-plugin/xsd/surefire-test-report-3.0.xsd" version="3.0" name="com.udacity.catpoint.security.service.SecurityServiceTest" time="1.878" tests="23" errors="0" skipped="0" failures="0">
  <properties>
[...]
</properties>
  <testcase name="whenArmedAndSensorActivated_alarmShouldBeSetToPending" classname="com.udacity.catpoint.security.service.SecurityServiceTest" time="1.584"/>
  <testcase name="whenAlarmIsInPendingAndArmedAway_updateArmedStatusToDatabase" classname="com.udacity.catpoint.security.service.SecurityServiceTest" time="0.021"/>
  <testcase name="whenSensorStateChanged_noChangeToAlarmState(boolean)[1]" classname="com.udacity.catpoint.security.service.SecurityServiceTest" time="0.045"/>
  <testcase name="whenSensorStateChanged_noChangeToAlarmState(boolean)[2]" classname="com.udacity.catpoint.security.service.SecurityServiceTest" time="0.006"/>
  <testcase name="whenArmedAndSensorActivatedAndSystemInPendingAlarm_alarmShouldBeSetToAlarm" classname="com.udacity.catpoint.security.service.SecurityServiceTest" time="0.005"/>
  <testcase name="whenStatusListenerRemoved_verifyTheSizeOfListeners" classname="com.udacity.catpoint.security.service.SecurityServiceTest" time="0.015"/>
  <testcase name="whenGetAlarmStatusInvoked_fetchValueFromDatabase" classname="com.udacity.catpoint.security.service.SecurityServiceTest" time="0.003"/>
  <testcase name="whenStatusListenerAdded_verifyTheSizeOfListeners" classname="com.udacity.catpoint.security.service.SecurityServiceTest" time="0.001"/>
  <testcase name="statusListenerToBeNotified_whenCatImageIsProcessed" classname="com.udacity.catpoint.security.service.SecurityServiceTest" time="0.018"/>
  <testcase name="whenDisarmedAndAlarmInPendingAndSensorIsActivated_dontChangeAlarmState(boolean)[1]" classname="com.udacity.catpoint.security.service.SecurityServiceTest" time="0.007"/>
  <testcase name="whenDisarmedAndAlarmInPendingAndSensorIsActivated_dontChangeAlarmState(boolean)[2]" classname="com.udacity.catpoint.security.service.SecurityServiceTest" time="0.006"/>
  <testcase name="whenSystemIsDisarmed_verifyStateAsNoAlarm" classname="com.udacity.catpoint.security.service.SecurityServiceTest" time="0.003"/>
  <testcase name="whenImageIsNotCatAndSensorDeactivated_changeStatetoNoAlarm" classname="com.udacity.catpoint.security.service.SecurityServiceTest" time="0.004"/>
  <testcase name="whenAlarmPendingAndSensorAreInactive_alarmShouldBeSetToNoAlarm" classname="com.udacity.catpoint.security.service.SecurityServiceTest" time="0.006"/>
  <testcase name="whenCurrentImageIsCatAndStatusSetToArmed_changeStateToAlarm" classname="com.udacity.catpoint.security.service.SecurityServiceTest" time="0.006"/>
  <testcase name="whenImageIsCatAndArmed_changeStateToAlarm" classname="com.udacity.catpoint.security.service.SecurityServiceTest" time="0.005"/>
  <testcase name="whenSensorRemoved_verifyInDatabase" classname="com.udacity.catpoint.security.service.SecurityServiceTest" time="0.002"/>
  <testcase name="whenSystemIsArmedAndCurrentImageIsCat_changeStateToAlarm" classname="com.udacity.catpoint.security.service.SecurityServiceTest" time="0.004"/>
  <testcase name="whenSensorIsDiactiveWhileInactive_dontChangeStateOfAlarm(AlarmStatus)[1]" classname="com.udacity.catpoint.security.service.SecurityServiceTest" time="0.005"/>
  <testcase name="whenSensorIsDiactiveWhileInactive_dontChangeStateOfAlarm(AlarmStatus)[2]" classname="com.udacity.catpoint.security.service.SecurityServiceTest" time="0.005"/>
  <testcase name="whenSystemIsArmed_verifySensorsToBeInActive" classname="com.udacity.catpoint.security.service.SecurityServiceTest" time="0.007"/>
  <testcase name="whenSensorAllreadyActive_AndSystemInPending_changeStateToAlarm" classname="com.udacity.catpoint.security.service.SecurityServiceTest" time="0.004"/>
  <testcase name="whenSensorAdded_verifyIfAddedToDatabase" classname="com.udacity.catpoint.security.service.SecurityServiceTest" time="0.003"/>
</testsuite>